# JRE version: OpenJDK Runtime Environment (8.0_121-b13) (build 1.8.0_121-8u121-b13-3-b13)
# Java VM: OpenJDK 64-Bit Server VM (25.121-b13 mixed mode linux-amd64 compressed oops)
Heap:
 PSYoungGen      total 36864K, used 26015K [0x00000000d7000000, 0x00000000d9900000, 0x0000000100000000)
  eden space 31744K, 65% used [0x00000000d7000000,0x00000000d846fea0,0x00000000d8f00000)
  from space 5120K, 99% used [0x00000000d9400000,0x00000000d98f8100,0x00000000d9900000)
  to   space 5120K, 0% used [0x00000000d8f00000,0x00000000d8f00000,0x00000000d9400000)
 ParOldGen       total 84992K, used 2988K [0x0000000085000000, 0x000000008a300000, 0x00000000d7000000)
  object space 84992K, 3% used [0x0000000085000000,0x00000000852eb008,0x000000008a300000)
 Metaspace       used 15392K, capacity 15904K, committed 16000K, reserved 1062912K
  class space    used 1976K, capacity 2139K, committed 2176K, reserved 1048576K
GC Heap History (8 events):
Event: 1.652 GC heap before
{Heap before GC invocations=1 (full 0):
 PSYoungGen      total 36864K, used 31744K [0x00000000d7000000, 0x00000000d9900000, 0x0000000100000000)
  eden space 31744K, 100% used [0x00000000d7000000,0x00000000d8f00000,0x00000000d8f00000)
  from space 5120K, 0% used [0x00000000d9400000,0x00000000d9400000,0x00000000d9900000)
  to   space 5120K, 0% used [0x00000000d8f00000,0x00000000d8f00000,0x00000000d9400000)
 ParOldGen       total 84992K, used 0K [0x0000000085000000, 0x000000008a300000, 0x00000000d7000000)
  object space 84992K, 0% used [0x0000000085000000,0x0000000085000000,0x000000008a300000)
 Metaspace       used 12217K, capacity 12630K, committed 12800K, reserved 1060864K
  class space    used 1582K, capacity 1706K, committed 1792K, reserved 1048576K
Event: 1.659 GC heap after
Heap after GC invocations=1 (full 0):
 PSYoungGen      total 36864K, used 3733K [0x00000000d7000000, 0x00000000d9900000, 0x0000000100000000)
  eden space 31744K, 0% used [0x00000000d7000000,0x00000000d7000000,0x00000000d8f00000)
  from space 5120K, 72% used [0x00000000d8f00000,0x00000000d92a56f0,0x00000000d9400000)
  to   space 5120K, 0% used [0x00000000d9400000,0x00000000d9400000,0x00000000d9900000)
 ParOldGen       total 84992K, used 72K [0x0000000085000000, 0x000000008a300000, 0x00000000d7000000)
  object space 84992K, 0% used [0x0000000085000000,0x0000000085012010,0x000000008a300000)
 Metaspace       used 12217K, capacity 12630K, committed 12800K, reserved 1060864K
  class space    used 1582K, capacity 1706K, committed 1792K, reserved 1048576K
}
Event: 6.188 GC heap before
{Heap before GC invocations=2 (full 0):
 PSYoungGen      total 36864K, used 34686K [0x00000000d7000000, 0x00000000d9900000, 0x0000000100000000)
  eden space 31744K, 97% used [0x00000000d7000000,0x00000000d8e3a3a0,0x00000000d8f00000)
  from space 5120K, 72% used [0x00000000d8f00000,0x00000000d92a56f0,0x00000000d9400000)
  to   space 5120K, 0% used [0x00000000d9400000,0x00000000d9400000,0x00000000d9900000)
 ParOldGen       total 84992K, used 72K [0x0000000085000000, 0x000000008a300000, 0x00000000d7000000)
  object space 84992K, 0% used [0x0000000085000000,0x0000000085012010,0x000000008a300000)
 Metaspace       used 14950K, capacity 15492K, committed 15744K, reserved 1062912K
  class space    used 1970K, capacity 2129K, committed 2176K, reserved 1048576K
Event: 6.195 GC heap after
Heap after GC invocations=2 (full 0):
 PSYoungGen      total 36864K, used 5118K [0x00000000d7000000, 0x00000000d9900000, 0x0000000100000000)
  eden space 31744K, 0% used [0x00000000d7000000,0x00000000d7000000,0x00000000d8f00000)
  from space 5120K, 99% used [0x00000000d9400000,0x00000000d98ffa08,0x00000000d9900000)
  to   space 5120K, 0% used [0x00000000d8f00000,0x00000000d8f00000,0x00000000d9400000)
 ParOldGen       total 84992K, used 1701K [0x0000000085000000, 0x000000008a300000, 0x00000000d7000000)
  object space 84992K, 2% used [0x0000000085000000,0x00000000851a9500,0x000000008a300000)
 Metaspace       used 14950K, capacity 15492K, committed 15744K, reserved 1062912K
  class space    used 1970K, capacity 2129K, committed 2176K, reserved 1048576K
}
Event: 15.399 GC heap before
{Heap before GC invocations=3 (full 0):
 PSYoungGen      total 36864K, used 36844K [0x00000000d7000000, 0x00000000d9900000, 0x0000000100000000)
  eden space 31744K, 99% used [0x00000000d7000000,0x00000000d8efb788,0x00000000d8f00000)
  from space 5120K, 99% used [0x00000000d9400000,0x00000000d98ffa08,0x00000000d9900000)
  to   space 5120K, 0% used [0x00000000d8f00000,0x00000000d8f00000,0x00000000d9400000)
 ParOldGen       total 84992K, used 1701K [0x0000000085000000, 0x000000008a300000, 0x00000000d7000000)
  object space 84992K, 2% used [0x0000000085000000,0x00000000851a9500,0x000000008a300000)
 Metaspace       used 15176K, capacity 15712K, committed 16000K, reserved 1062912K
  class space    used 1976K, capacity 2139K, committed 2176K, reserved 1048576K
Event: 15.408 GC heap after
Heap after GC invocations=3 (full 0):
 PSYoungGen      total 36864K, used 4398K [0x00000000d7000000, 0x00000000d9900000, 0x0000000100000000)
  eden space 31744K, 0% used [0x00000000d7000000,0x00000000d7000000,0x00000000d8f00000)
  from space 5120K, 85% used [0x00000000d8f00000,0x00000000d934b800,0x00000000d9400000)
  to   space 5120K, 0% used [0x00000000d9400000,0x00000000d9400000,0x00000000d9900000)
 ParOldGen       total 84992K, used 2609K [0x0000000085000000, 0x000000008a300000, 0x00000000d7000000)
  object space 84992K, 3% used [0x0000000085000000,0x000000008528c510,0x000000008a300000)
 Metaspace       used 15176K, capacity 15712K, committed 16000K, reserved 1062912K
  class space    used 1976K, capacity 2139K, committed 2176K, reserved 1048576K
}
Event: 18.754 GC heap before
{Heap before GC invocations=4 (full 0):
 PSYoungGen      total 36864K, used 35288K [0x00000000d7000000, 0x00000000d9900000, 0x0000000100000000)
  eden space 31744K, 97% used [0x00000000d7000000,0x00000000d8e2aa98,0x00000000d8f00000)
  from space 5120K, 85% used [0x00000000d8f00000,0x00000000d934b800,0x00000000d9400000)
  to   space 5120K, 0% used [0x00000000d9400000,0x00000000d9400000,0x00000000d9900000)
 ParOldGen       total 84992K, used 2609K [0x0000000085000000, 0x000000008a300000, 0x00000000d7000000)
  object space 84992K, 3% used [0x0000000085000000,0x000000008528c510,0x000000008a300000)
 Metaspace       used 15273K, capacity 15776K, committed 16000K, reserved 1062912K
  class space    used 1976K, capacity 2139K, committed 2176K, reserved 1048576K
Event: 18.760 GC heap after
Heap after GC invocations=4 (full 0):
 PSYoungGen      total 36864K, used 5088K [0x00000000d7000000, 0x00000000d9900000, 0x0000000100000000)
  eden space 31744K, 0% used [0x00000000d7000000,0x00000000d7000000,0x00000000d8f00000)
  from space 5120K, 99% used [0x00000000d9400000,0x00000000d98f8100,0x00000000d9900000)
  to   space 5120K, 0% used [0x00000000d8f00000,0x00000000d8f00000,0x00000000d9400000)
 ParOldGen       total 84992K, used 2988K [0x0000000085000000, 0x000000008a300000, 0x00000000d7000000)
  object space 84992K, 3% used [0x0000000085000000,0x00000000852eb008,0x000000008a300000)
 Metaspace       used 15273K, capacity 15776K, committed 16000K, reserved 1062912K
  class space    used 1976K, capacity 2139K, committed 2176K, reserved 1048576K
}

